<?xml version="1.0" encoding="UTF-8"?>
<testsuite xmlns:xsi="http://www.w3.org/2001/XMLSchema-instance" xsi:noNamespaceSchemaLocation="https://maven.apache.org/surefire/maven-surefire-plugin/xsd/surefire-test-report.xsd" name="com.manning.junitbook.airport.AirportTest" time="0.093" tests="26" errors="0" skipped="0" failures="0">
  <properties>
    <property name="awt.toolkit" value="sun.awt.X11.XToolkit"/>
    <property name="java.specification.version" value="11"/>
    <property name="sun.cpu.isalist" value=""/>
    <property name="sun.jnu.encoding" value="UTF-8"/>
    <property name="java.class.path" value="/mnt/c/Users/fabri/Documents/ch20tdd/Phase5/target/test-classes:/mnt/c/Users/fabri/Documents/ch20tdd/Phase5/target/classes:/home/fabrizzio/.m2/repository/org/junit/jupiter/junit-jupiter-api/5.6.0/junit-jupiter-api-5.6.0.jar:/home/fabrizzio/.m2/repository/org/apiguardian/apiguardian-api/1.1.0/apiguardian-api-1.1.0.jar:/home/fabrizzio/.m2/repository/org/opentest4j/opentest4j/1.2.0/opentest4j-1.2.0.jar:/home/fabrizzio/.m2/repository/org/junit/platform/junit-platform-commons/1.6.0/junit-platform-commons-1.6.0.jar:/home/fabrizzio/.m2/repository/org/junit/jupiter/junit-jupiter-engine/5.6.0/junit-jupiter-engine-5.6.0.jar:/home/fabrizzio/.m2/repository/org/junit/platform/junit-platform-engine/1.6.0/junit-platform-engine-1.6.0.jar:"/>
    <property name="java.vm.vendor" value="Ubuntu"/>
    <property name="sun.arch.data.model" value="64"/>
    <property name="java.vendor.url" value="https://ubuntu.com/"/>
    <property name="user.timezone" value=""/>
    <property name="java.vm.specification.version" value="11"/>
    <property name="os.name" value="Linux"/>
    <property name="sun.java.launcher" value="SUN_STANDARD"/>
    <property name="sun.boot.library.path" value="/usr/lib/jvm/java-11-openjdk-amd64/lib"/>
    <property name="sun.java.command" value="/mnt/c/Users/fabri/Documents/ch20tdd/Phase5/target/surefire/surefirebooter2276175796929674693.jar /mnt/c/Users/fabri/Documents/ch20tdd/Phase5/target/surefire 2022-12-09T12-12-20_484-jvmRun1 surefire17440813549936297379tmp surefire_017127175664616839547tmp"/>
    <property name="jdk.debug" value="release"/>
    <property name="surefire.test.class.path" value="/mnt/c/Users/fabri/Documents/ch20tdd/Phase5/target/test-classes:/mnt/c/Users/fabri/Documents/ch20tdd/Phase5/target/classes:/home/fabrizzio/.m2/repository/org/junit/jupiter/junit-jupiter-api/5.6.0/junit-jupiter-api-5.6.0.jar:/home/fabrizzio/.m2/repository/org/apiguardian/apiguardian-api/1.1.0/apiguardian-api-1.1.0.jar:/home/fabrizzio/.m2/repository/org/opentest4j/opentest4j/1.2.0/opentest4j-1.2.0.jar:/home/fabrizzio/.m2/repository/org/junit/platform/junit-platform-commons/1.6.0/junit-platform-commons-1.6.0.jar:/home/fabrizzio/.m2/repository/org/junit/jupiter/junit-jupiter-engine/5.6.0/junit-jupiter-engine-5.6.0.jar:/home/fabrizzio/.m2/repository/org/junit/platform/junit-platform-engine/1.6.0/junit-platform-engine-1.6.0.jar:"/>
    <property name="sun.cpu.endian" value="little"/>
    <property name="user.home" value="/home/fabrizzio"/>
    <property name="user.language" value="en"/>
    <property name="java.specification.vendor" value="Oracle Corporation"/>
    <property name="java.version.date" value="2022-07-19"/>
    <property name="java.home" value="/usr/lib/jvm/java-11-openjdk-amd64"/>
    <property name="file.separator" value="/"/>
    <property name="basedir" value="/mnt/c/Users/fabri/Documents/ch20tdd/Phase5"/>
    <property name="java.vm.compressedOopsMode" value="32-bit"/>
    <property name="line.separator" value="&#10;"/>
    <property name="java.specification.name" value="Java Platform API Specification"/>
    <property name="java.vm.specification.vendor" value="Oracle Corporation"/>
    <property name="java.awt.graphicsenv" value="sun.awt.X11GraphicsEnvironment"/>
    <property name="surefire.real.class.path" value="/mnt/c/Users/fabri/Documents/ch20tdd/Phase5/target/surefire/surefirebooter2276175796929674693.jar"/>
    <property name="sun.management.compiler" value="HotSpot 64-Bit Tiered Compilers"/>
    <property name="java.runtime.version" value="11.0.16+8-post-Ubuntu-0ubuntu120.04"/>
    <property name="user.name" value="fabrizzio"/>
    <property name="path.separator" value=":"/>
    <property name="os.version" value="5.10.16.3-microsoft-standard-WSL2"/>
    <property name="java.runtime.name" value="OpenJDK Runtime Environment"/>
    <property name="file.encoding" value="UTF-8"/>
    <property name="java.vm.name" value="OpenJDK 64-Bit Server VM"/>
    <property name="localRepository" value="/home/fabrizzio/.m2/repository"/>
    <property name="java.vendor.url.bug" value="https://bugs.launchpad.net/ubuntu/+source/openjdk-lts"/>
    <property name="java.io.tmpdir" value="/tmp"/>
    <property name="java.version" value="11.0.16"/>
    <property name="user.dir" value="/mnt/c/Users/fabri/Documents/ch20tdd/Phase5"/>
    <property name="os.arch" value="amd64"/>
    <property name="java.vm.specification.name" value="Java Virtual Machine Specification"/>
    <property name="java.awt.printerjob" value="sun.print.PSPrinterJob"/>
    <property name="sun.os.patch.level" value="unknown"/>
    <property name="java.library.path" value="/usr/java/packages/lib:/usr/lib/x86_64-linux-gnu/jni:/lib/x86_64-linux-gnu:/usr/lib/x86_64-linux-gnu:/usr/lib/jni:/lib:/usr/lib"/>
    <property name="java.vm.info" value="mixed mode, sharing"/>
    <property name="java.vendor" value="Ubuntu"/>
    <property name="java.vm.version" value="11.0.16+8-post-Ubuntu-0ubuntu120.04"/>
    <property name="sun.io.unicode.encoding" value="UnicodeLittle"/>
    <property name="java.class.version" value="55.0"/>
  </properties>
  <testcase name="testPremiumFlightVipPassenger" classname="com.manning.junitbook.airport.AirportTest$PremiumFlightTest$VipPassenger" time="0.036"/>
  <testcase name="testPremiumFlightVipPassengerAddedOnlyOnce{RepetitionInfo}[1]" classname="com.manning.junitbook.airport.AirportTest$PremiumFlightTest$VipPassenger" time="0.006"/>
  <testcase name="testPremiumFlightVipPassengerAddedOnlyOnce{RepetitionInfo}[2]" classname="com.manning.junitbook.airport.AirportTest$PremiumFlightTest$VipPassenger" time="0"/>
  <testcase name="testPremiumFlightVipPassengerAddedOnlyOnce{RepetitionInfo}[3]" classname="com.manning.junitbook.airport.AirportTest$PremiumFlightTest$VipPassenger" time="0.001"/>
  <testcase name="testPremiumFlightVipPassengerAddedOnlyOnce{RepetitionInfo}[4]" classname="com.manning.junitbook.airport.AirportTest$PremiumFlightTest$VipPassenger" time="0.001"/>
  <testcase name="testPremiumFlightVipPassengerAddedOnlyOnce{RepetitionInfo}[5]" classname="com.manning.junitbook.airport.AirportTest$PremiumFlightTest$VipPassenger" time="0.001"/>
  <testcase name="testPremiumFlightRegularPassenger" classname="com.manning.junitbook.airport.AirportTest$PremiumFlightTest$RegularPassenger" time="0"/>
  <testcase name="testBusinessFlightVipPassenger" classname="com.manning.junitbook.airport.AirportTest$BusinessFlightTest$VipPassenger" time="0.001"/>
  <testcase name="testBusinessFlightVipPassengerAddedOnlyOnce{RepetitionInfo}[1]" classname="com.manning.junitbook.airport.AirportTest$BusinessFlightTest$VipPassenger" time="0.001"/>
  <testcase name="testBusinessFlightVipPassengerAddedOnlyOnce{RepetitionInfo}[2]" classname="com.manning.junitbook.airport.AirportTest$BusinessFlightTest$VipPassenger" time="0.001"/>
  <testcase name="testBusinessFlightVipPassengerAddedOnlyOnce{RepetitionInfo}[3]" classname="com.manning.junitbook.airport.AirportTest$BusinessFlightTest$VipPassenger" time="0.001"/>
  <testcase name="testBusinessFlightVipPassengerAddedOnlyOnce{RepetitionInfo}[4]" classname="com.manning.junitbook.airport.AirportTest$BusinessFlightTest$VipPassenger" time="0.001"/>
  <testcase name="testBusinessFlightVipPassengerAddedOnlyOnce{RepetitionInfo}[5]" classname="com.manning.junitbook.airport.AirportTest$BusinessFlightTest$VipPassenger" time="0.001"/>
  <testcase name="testBusinessFlightRegularPassenger" classname="com.manning.junitbook.airport.AirportTest$BusinessFlightTest$RegularPassenger" time="0.001"/>
  <testcase name="testEconomyFlightVipPassenger" classname="com.manning.junitbook.airport.AirportTest$EconomyFlightTest$VipPassenger" time="0.001"/>
  <testcase name="testEconomyFlightVipPassengerAddedOnlyOnce{RepetitionInfo}[1]" classname="com.manning.junitbook.airport.AirportTest$EconomyFlightTest$VipPassenger" time="0.001"/>
  <testcase name="testEconomyFlightVipPassengerAddedOnlyOnce{RepetitionInfo}[2]" classname="com.manning.junitbook.airport.AirportTest$EconomyFlightTest$VipPassenger" time="0"/>
  <testcase name="testEconomyFlightVipPassengerAddedOnlyOnce{RepetitionInfo}[3]" classname="com.manning.junitbook.airport.AirportTest$EconomyFlightTest$VipPassenger" time="0"/>
  <testcase name="testEconomyFlightVipPassengerAddedOnlyOnce{RepetitionInfo}[4]" classname="com.manning.junitbook.airport.AirportTest$EconomyFlightTest$VipPassenger" time="0.001"/>
  <testcase name="testEconomyFlightVipPassengerAddedOnlyOnce{RepetitionInfo}[5]" classname="com.manning.junitbook.airport.AirportTest$EconomyFlightTest$VipPassenger" time="0"/>
  <testcase name="testEconomyFlightRegularPassenger" classname="com.manning.junitbook.airport.AirportTest$EconomyFlightTest$RegularPassenger" time="0.001"/>
  <testcase name="testEconomyFlightRegularPassengerAddedOnlyOnce{RepetitionInfo}[1]" classname="com.manning.junitbook.airport.AirportTest$EconomyFlightTest$RegularPassenger" time="0.001"/>
  <testcase name="testEconomyFlightRegularPassengerAddedOnlyOnce{RepetitionInfo}[2]" classname="com.manning.junitbook.airport.AirportTest$EconomyFlightTest$RegularPassenger" time="0.001"/>
  <testcase name="testEconomyFlightRegularPassengerAddedOnlyOnce{RepetitionInfo}[3]" classname="com.manning.junitbook.airport.AirportTest$EconomyFlightTest$RegularPassenger" time="0"/>
  <testcase name="testEconomyFlightRegularPassengerAddedOnlyOnce{RepetitionInfo}[4]" classname="com.manning.junitbook.airport.AirportTest$EconomyFlightTest$RegularPassenger" time="0"/>
  <testcase name="testEconomyFlightRegularPassengerAddedOnlyOnce{RepetitionInfo}[5]" classname="com.manning.junitbook.airport.AirportTest$EconomyFlightTest$RegularPassenger" time="0"/>
</testsuite>